d:\working\modbus_\modbus_\release\modbus_.pch
d:\working\modbus_\modbus_\release\vc141.pdb
d:\working\modbus_\modbus_\release\pch.obj
d:\working\modbus_\modbus_\release\modbus_dlg.obj
d:\working\modbus_\modbus_\release\modbus_.obj
d:\working\modbus_\release\modbus_.exe
d:\working\modbus_\release\modbus_.pdb
d:\working\modbus_\release\modbus_.ipdb
d:\working\modbus_\release\modbus_.iobj
d:\working\modbus_\modbus_\release\modbus.res
d:\working\modbus_\modbus_\release\modbus_.tlog\cl.command.1.tlog
d:\working\modbus_\modbus_\release\modbus_.tlog\cl.read.1.tlog
d:\working\modbus_\modbus_\release\modbus_.tlog\cl.write.1.tlog
d:\working\modbus_\modbus_\release\modbus_.tlog\link.command.1.tlog
d:\working\modbus_\modbus_\release\modbus_.tlog\link.read.1.tlog
d:\working\modbus_\modbus_\release\modbus_.tlog\link.write.1.tlog
d:\working\modbus_\modbus_\release\modbus_.tlog\modbus_.write.1u.tlog
d:\working\modbus_\modbus_\release\modbus_.tlog\rc.command.1.tlog
d:\working\modbus_\modbus_\release\modbus_.tlog\rc.read.1.tlog
d:\working\modbus_\modbus_\release\modbus_.tlog\rc.write.1.tlog
